Analysis & Synthesis report for Lab4
Mon Nov 11 16:27:13 2019
Quartus II Version 7.1 Build 156 04/30/2007 SJ Full Version


---------------------
; Table of Contents ;
---------------------
  1. Legal Notice
  2. Analysis & Synthesis Summary
  3. Analysis & Synthesis Settings
  4. Analysis & Synthesis Source Files Read
  5. Analysis & Synthesis Resource Usage Summary
  6. Analysis & Synthesis Resource Utilization by Entity
  7. Registers Removed During Synthesis
  8. General Register Statistics
  9. Parameter Settings for Inferred Entity Instance: bcd_decode_display:b1|lpm_divide:Mod0
 10. Parameter Settings for Inferred Entity Instance: bcd_decode_display:b1|lpm_divide:Mod1
 11. Parameter Settings for Inferred Entity Instance: bcd_decode_display:b1|lpm_divide:Div0
 12. Analysis & Synthesis Messages



----------------
; Legal Notice ;
----------------
Copyright (C) 1991-2007 Altera Corporation
Your use of Altera Corporation's design tools, logic functions 
and other software and tools, and its AMPP partner logic 
functions, and any output files from any of the foregoing 
(including device programming or simulation files), and any 
associated documentation or information are expressly subject 
to the terms and conditions of the Altera Program License 
Subscription Agreement, Altera MegaCore Function License 
Agreement, or other applicable license agreement, including, 
without limitation, that your use is for the sole purpose of 
programming logic devices manufactured by Altera and sold by 
Altera or its authorized distributors.  Please refer to the 
applicable agreement for further details.



+-------------------------------------------------------------------------------+
; Analysis & Synthesis Summary                                                  ;
+------------------------------------+------------------------------------------+
; Analysis & Synthesis Status        ; Successful - Mon Nov 11 16:27:13 2019    ;
; Quartus II Version                 ; 7.1 Build 156 04/30/2007 SJ Full Version ;
; Revision Name                      ; Lab4                                     ;
; Top-level Entity Name              ; Lab4                                     ;
; Family                             ; Cyclone II                               ;
; Total logic elements               ; 278                                      ;
;     Total combinational functions  ; 278                                      ;
;     Dedicated logic registers      ; 72                                       ;
; Total registers                    ; 72                                       ;
; Total pins                         ; 86                                       ;
; Total virtual pins                 ; 0                                        ;
; Total memory bits                  ; 0                                        ;
; Embedded Multiplier 9-bit elements ; 0                                        ;
; Total PLLs                         ; 0                                        ;
+------------------------------------+------------------------------------------+


+--------------------------------------------------------------------------------------------------------------------------+
; Analysis & Synthesis Settings                                                                                            ;
+--------------------------------------------------------------------------------+--------------------+--------------------+
; Option                                                                         ; Setting            ; Default Value      ;
+--------------------------------------------------------------------------------+--------------------+--------------------+
; Device                                                                         ; EP2C20F484C7       ;                    ;
; Top-level entity name                                                          ; Lab4               ; Lab4               ;
; Family name                                                                    ; Cyclone II         ; Stratix II         ;
; Restructure Multiplexers                                                       ; Auto               ; Auto               ;
; Create Debugging Nodes for IP Cores                                            ; Off                ; Off                ;
; Preserve fewer node names                                                      ; On                 ; On                 ;
; Disable OpenCore Plus hardware evaluation                                      ; Off                ; Off                ;
; Verilog Version                                                                ; Verilog_2001       ; Verilog_2001       ;
; VHDL Version                                                                   ; VHDL93             ; VHDL93             ;
; State Machine Processing                                                       ; Auto               ; Auto               ;
; Safe State Machine                                                             ; Off                ; Off                ;
; Extract Verilog State Machines                                                 ; On                 ; On                 ;
; Extract VHDL State Machines                                                    ; On                 ; On                 ;
; Ignore Verilog initial constructs                                              ; Off                ; Off                ;
; Add Pass-Through Logic to Inferred RAMs                                        ; On                 ; On                 ;
; DSP Block Balancing                                                            ; Auto               ; Auto               ;
; NOT Gate Push-Back                                                             ; On                 ; On                 ;
; Power-Up Don't Care                                                            ; On                 ; On                 ;
; Remove Redundant Logic Cells                                                   ; Off                ; Off                ;
; Remove Duplicate Registers                                                     ; On                 ; On                 ;
; Ignore CARRY Buffers                                                           ; Off                ; Off                ;
; Ignore CASCADE Buffers                                                         ; Off                ; Off                ;
; Ignore GLOBAL Buffers                                                          ; Off                ; Off                ;
; Ignore ROW GLOBAL Buffers                                                      ; Off                ; Off                ;
; Ignore LCELL Buffers                                                           ; Off                ; Off                ;
; Ignore SOFT Buffers                                                            ; On                 ; On                 ;
; Limit AHDL Integers to 32 Bits                                                 ; Off                ; Off                ;
; Optimization Technique -- Cyclone II/Cyclone III                               ; Balanced           ; Balanced           ;
; Carry Chain Length -- Stratix/Stratix GX/Cyclone/MAX II/Cyclone II/Cyclone III ; 70                 ; 70                 ;
; Auto Carry Chains                                                              ; On                 ; On                 ;
; Auto Open-Drain Pins                                                           ; On                 ; On                 ;
; Perform WYSIWYG Primitive Resynthesis                                          ; Off                ; Off                ;
; Perform gate-level register retiming                                           ; Off                ; Off                ;
; Allow register retiming to trade off Tsu/Tco with Fmax                         ; On                 ; On                 ;
; Auto ROM Replacement                                                           ; On                 ; On                 ;
; Auto RAM Replacement                                                           ; On                 ; On                 ;
; Auto Shift Register Replacement                                                ; Auto               ; Auto               ;
; Auto Clock Enable Replacement                                                  ; On                 ; On                 ;
; Allow Synchronous Control Signals                                              ; On                 ; On                 ;
; Force Use of Synchronous Clear Signals                                         ; Off                ; Off                ;
; Auto RAM to Logic Cell Conversion                                              ; Off                ; Off                ;
; Auto Resource Sharing                                                          ; Off                ; Off                ;
; Allow Any RAM Size For Recognition                                             ; Off                ; Off                ;
; Allow Any ROM Size For Recognition                                             ; Off                ; Off                ;
; Allow Any Shift Register Size For Recognition                                  ; Off                ; Off                ;
; Ignore translate_off and synthesis_off directives                              ; Off                ; Off                ;
; Show Parameter Settings Tables in Synthesis Report                             ; On                 ; On                 ;
; Ignore Maximum Fan-Out Assignments                                             ; Off                ; Off                ;
; Retiming Meta-Stability Register Sequence Length                               ; 2                  ; 2                  ;
; PowerPlay Power Optimization                                                   ; Normal compilation ; Normal compilation ;
; HDL message level                                                              ; Level2             ; Level2             ;
; Suppress Register Optimization Related Messages                                ; Off                ; Off                ;
; Number of Removed Registers Reported in Synthesis Report                       ; 100                ; 100                ;
; Clock MUX Protection                                                           ; On                 ; On                 ;
; Use smart compilation                                                          ; Off                ; Off                ;
+--------------------------------------------------------------------------------+--------------------+--------------------+


+--------------------------------------------------------------------------------------------------------------------------------------------------------------------+
; Analysis & Synthesis Source Files Read                                                                                                                             ;
+----------------------------------+-----------------+------------------------------+--------------------------------------------------------------------------------+
; File Name with User-Entered Path ; Used in Netlist ; File Type                    ; File Name with Absolute Path                                                   ;
+----------------------------------+-----------------+------------------------------+--------------------------------------------------------------------------------+
; Lab4.v                           ; yes             ; User Verilog HDL File        ; H:/DigitalProgrammingLab4/Lab4.v                                               ;
; lpm_divide.tdf                   ; yes             ; Megafunction                 ; c:/program files/altera/71/quartus/libraries/megafunctions/lpm_divide.tdf      ;
; abs_divider.inc                  ; yes             ; Megafunction                 ; c:/program files/altera/71/quartus/libraries/megafunctions/abs_divider.inc     ;
; sign_div_unsign.inc              ; yes             ; Megafunction                 ; c:/program files/altera/71/quartus/libraries/megafunctions/sign_div_unsign.inc ;
; aglobal71.inc                    ; yes             ; Megafunction                 ; c:/program files/altera/71/quartus/libraries/megafunctions/aglobal71.inc       ;
; db/lpm_divide_g6m.tdf            ; yes             ; Auto-Generated Megafunction  ; H:/DigitalProgrammingLab4/db/lpm_divide_g6m.tdf                                ;
; db/sign_div_unsign_nlh.tdf       ; yes             ; Auto-Generated Megafunction  ; H:/DigitalProgrammingLab4/db/sign_div_unsign_nlh.tdf                           ;
; db/alt_u_div_g2f.tdf             ; yes             ; Auto-Generated Megafunction  ; H:/DigitalProgrammingLab4/db/alt_u_div_g2f.tdf                                 ;
; db/add_sub_lkc.tdf               ; yes             ; Auto-Generated Megafunction  ; H:/DigitalProgrammingLab4/db/add_sub_lkc.tdf                                   ;
; db/add_sub_mkc.tdf               ; yes             ; Auto-Generated Megafunction  ; H:/DigitalProgrammingLab4/db/add_sub_mkc.tdf                                   ;
; db/lpm_divide_35m.tdf            ; yes             ; Auto-Generated Megafunction  ; H:/DigitalProgrammingLab4/db/lpm_divide_35m.tdf                                ;
; db/sign_div_unsign_akh.tdf       ; yes             ; Auto-Generated Megafunction  ; H:/DigitalProgrammingLab4/db/sign_div_unsign_akh.tdf                           ;
; db/alt_u_div_mve.tdf             ; yes             ; Auto-Generated Megafunction  ; H:/DigitalProgrammingLab4/db/alt_u_div_mve.tdf                                 ;
; db/lpm_divide_0dm.tdf            ; yes             ; Auto-Generated Megafunction  ; H:/DigitalProgrammingLab4/db/lpm_divide_0dm.tdf                                ;
+----------------------------------+-----------------+------------------------------+--------------------------------------------------------------------------------+


+-----------------------------------------------------+
; Analysis & Synthesis Resource Usage Summary         ;
+---------------------------------------------+-------+
; Resource                                    ; Usage ;
+---------------------------------------------+-------+
; Estimated Total logic elements              ; 278   ;
;                                             ;       ;
; Total combinational functions               ; 278   ;
; Logic element usage by number of LUT inputs ;       ;
;     -- 4 input functions                    ; 59    ;
;     -- 3 input functions                    ; 120   ;
;     -- <=2 input functions                  ; 99    ;
;                                             ;       ;
; Logic elements by mode                      ;       ;
;     -- normal mode                          ; 194   ;
;     -- arithmetic mode                      ; 84    ;
;                                             ;       ;
; Total registers                             ; 72    ;
;     -- Dedicated logic registers            ; 72    ;
;     -- I/O registers                        ; 0     ;
;                                             ;       ;
; I/O pins                                    ; 86    ;
; Maximum fan-out node                        ; clk   ;
; Maximum fan-out                             ; 72    ;
; Total fan-out                               ; 976   ;
; Average fan-out                             ; 2.24  ;
+---------------------------------------------+-------+


+----------------------------------------------------------------------------------------------------------------------------------------------------------------------------------------------------------------------------------------------------------------------------------------------------+
; Analysis & Synthesis Resource Utilization by Entity                                                                                                                                                                                                                                                ;
+-------------------------------------------+-------------------+--------------+-------------+--------------+---------+-----------+------+--------------+-----------------------------------------------------------------------------------------------------------------------------+--------------+
; Compilation Hierarchy Node                ; LC Combinationals ; LC Registers ; Memory Bits ; DSP Elements ; DSP 9x9 ; DSP 18x18 ; Pins ; Virtual Pins ; Full Hierarchy Name                                                                                                         ; Library Name ;
+-------------------------------------------+-------------------+--------------+-------------+--------------+---------+-----------+------+--------------+-----------------------------------------------------------------------------------------------------------------------------+--------------+
; |Lab4                                     ; 278 (78)          ; 72 (50)      ; 0           ; 0            ; 0       ; 0         ; 86   ; 0            ; |Lab4                                                                                                                       ; work         ;
;    |bcd_decode_display:b1|                ; 200 (8)           ; 22 (8)       ; 0           ; 0            ; 0       ; 0         ; 0    ; 0            ; |Lab4|bcd_decode_display:b1                                                                                                 ; work         ;
;       |display_drv:hundredths|            ; 7 (7)             ; 7 (7)        ; 0           ; 0            ; 0       ; 0         ; 0    ; 0            ; |Lab4|bcd_decode_display:b1|display_drv:hundredths                                                                          ; work         ;
;       |display_drv:units|                 ; 7 (7)             ; 7 (7)        ; 0           ; 0            ; 0       ; 0         ; 0    ; 0            ; |Lab4|bcd_decode_display:b1|display_drv:units                                                                               ; work         ;
;       |lpm_divide:Div0|                   ; 41 (0)            ; 0 (0)        ; 0           ; 0            ; 0       ; 0         ; 0    ; 0            ; |Lab4|bcd_decode_display:b1|lpm_divide:Div0                                                                                 ; work         ;
;          |lpm_divide_0dm:auto_generated|  ; 41 (0)            ; 0 (0)        ; 0           ; 0            ; 0       ; 0         ; 0    ; 0            ; |Lab4|bcd_decode_display:b1|lpm_divide:Div0|lpm_divide_0dm:auto_generated                                                   ; work         ;
;             |sign_div_unsign_akh:divider| ; 41 (0)            ; 0 (0)        ; 0           ; 0            ; 0       ; 0         ; 0    ; 0            ; |Lab4|bcd_decode_display:b1|lpm_divide:Div0|lpm_divide_0dm:auto_generated|sign_div_unsign_akh:divider                       ; work         ;
;                |alt_u_div_mve:divider|    ; 41 (41)           ; 0 (0)        ; 0           ; 0            ; 0       ; 0         ; 0    ; 0            ; |Lab4|bcd_decode_display:b1|lpm_divide:Div0|lpm_divide_0dm:auto_generated|sign_div_unsign_akh:divider|alt_u_div_mve:divider ; work         ;
;       |lpm_divide:Mod0|                   ; 86 (0)            ; 0 (0)        ; 0           ; 0            ; 0       ; 0         ; 0    ; 0            ; |Lab4|bcd_decode_display:b1|lpm_divide:Mod0                                                                                 ; work         ;
;          |lpm_divide_g6m:auto_generated|  ; 86 (0)            ; 0 (0)        ; 0           ; 0            ; 0       ; 0         ; 0    ; 0            ; |Lab4|bcd_decode_display:b1|lpm_divide:Mod0|lpm_divide_g6m:auto_generated                                                   ; work         ;
;             |sign_div_unsign_nlh:divider| ; 86 (0)            ; 0 (0)        ; 0           ; 0            ; 0       ; 0         ; 0    ; 0            ; |Lab4|bcd_decode_display:b1|lpm_divide:Mod0|lpm_divide_g6m:auto_generated|sign_div_unsign_nlh:divider                       ; work         ;
;                |alt_u_div_g2f:divider|    ; 86 (86)           ; 0 (0)        ; 0           ; 0            ; 0       ; 0         ; 0    ; 0            ; |Lab4|bcd_decode_display:b1|lpm_divide:Mod0|lpm_divide_g6m:auto_generated|sign_div_unsign_nlh:divider|alt_u_div_g2f:divider ; work         ;
;       |lpm_divide:Mod1|                   ; 51 (0)            ; 0 (0)        ; 0           ; 0            ; 0       ; 0         ; 0    ; 0            ; |Lab4|bcd_decode_display:b1|lpm_divide:Mod1                                                                                 ; work         ;
;          |lpm_divide_35m:auto_generated|  ; 51 (0)            ; 0 (0)        ; 0           ; 0            ; 0       ; 0         ; 0    ; 0            ; |Lab4|bcd_decode_display:b1|lpm_divide:Mod1|lpm_divide_35m:auto_generated                                                   ; work         ;
;             |sign_div_unsign_akh:divider| ; 51 (0)            ; 0 (0)        ; 0           ; 0            ; 0       ; 0         ; 0    ; 0            ; |Lab4|bcd_decode_display:b1|lpm_divide:Mod1|lpm_divide_35m:auto_generated|sign_div_unsign_akh:divider                       ; work         ;
;                |alt_u_div_mve:divider|    ; 51 (51)           ; 0 (0)        ; 0           ; 0            ; 0       ; 0         ; 0    ; 0            ; |Lab4|bcd_decode_display:b1|lpm_divide:Mod1|lpm_divide_35m:auto_generated|sign_div_unsign_akh:divider|alt_u_div_mve:divider ; work         ;
+-------------------------------------------+-------------------+--------------+-------------+--------------+---------+-----------+------+--------------+-----------------------------------------------------------------------------------------------------------------------------+--------------+
Note: For table entries with two numbers listed, the numbers in parentheses indicate the number of resources of the given type used by the specific entity alone. The numbers listed outside of parentheses indicate the total resources of the given type used by the specific entity and all of its sub-entities in the hierarchy.


+------------------------------------------------------------------------+
; Registers Removed During Synthesis                                     ;
+---------------------------------------+--------------------------------+
; Register name                         ; Reason for Removal             ;
+---------------------------------------+--------------------------------+
; b1/tenths/d[6]                        ; Merged with b1/hundredths/d[6] ;
; b1/tenths/d[5]                        ; Merged with b1/hundredths/d[5] ;
; b1/tenths/d[4]                        ; Merged with b1/hundredths/d[4] ;
; b1/tenths/d[3]                        ; Merged with b1/hundredths/d[3] ;
; b1/tenths/d[2]                        ; Merged with b1/hundredths/d[2] ;
; b1/tenths/d[1]                        ; Merged with b1/hundredths/d[1] ;
; b1/tenths/d[0]                        ; Merged with b1/hundredths/d[0] ;
; Total Number of Removed Registers = 7 ;                                ;
+---------------------------------------+--------------------------------+


+------------------------------------------------------+
; General Register Statistics                          ;
+----------------------------------------------+-------+
; Statistic                                    ; Value ;
+----------------------------------------------+-------+
; Total registers                              ; 72    ;
; Number of registers using Synchronous Clear  ; 0     ;
; Number of registers using Synchronous Load   ; 0     ;
; Number of registers using Asynchronous Clear ; 0     ;
; Number of registers using Asynchronous Load  ; 0     ;
; Number of registers using Clock Enable       ; 0     ;
; Number of registers using Preset             ; 0     ;
+----------------------------------------------+-------+


+----------------------------------------------------------------------------------------+
; Parameter Settings for Inferred Entity Instance: bcd_decode_display:b1|lpm_divide:Mod0 ;
+------------------------+----------------+----------------------------------------------+
; Parameter Name         ; Value          ; Type                                         ;
+------------------------+----------------+----------------------------------------------+
; LPM_WIDTHN             ; 10             ; Untyped                                      ;
; LPM_WIDTHD             ; 7              ; Untyped                                      ;
; LPM_NREPRESENTATION    ; UNSIGNED       ; Untyped                                      ;
; LPM_DREPRESENTATION    ; UNSIGNED       ; Untyped                                      ;
; LPM_PIPELINE           ; 0              ; Untyped                                      ;
; LPM_REMAINDERPOSITIVE  ; TRUE           ; Untyped                                      ;
; MAXIMIZE_SPEED         ; 5              ; Untyped                                      ;
; CBXI_PARAMETER         ; lpm_divide_g6m ; Untyped                                      ;
; CARRY_CHAIN            ; MANUAL         ; Untyped                                      ;
; OPTIMIZE_FOR_SPEED     ; 5              ; Untyped                                      ;
; AUTO_CARRY_CHAINS      ; ON             ; AUTO_CARRY                                   ;
; IGNORE_CARRY_BUFFERS   ; OFF            ; IGNORE_CARRY                                 ;
; AUTO_CASCADE_CHAINS    ; ON             ; AUTO_CASCADE                                 ;
; IGNORE_CASCADE_BUFFERS ; OFF            ; IGNORE_CASCADE                               ;
+------------------------+----------------+----------------------------------------------+
Note: In order to hide this table in the UI and the text report file, please set the "Show Parameter Settings Tables in Synthesis Report" option in "Analysis and Synthesis Settings -> More Settings" to "Off".


+----------------------------------------------------------------------------------------+
; Parameter Settings for Inferred Entity Instance: bcd_decode_display:b1|lpm_divide:Mod1 ;
+------------------------+----------------+----------------------------------------------+
; Parameter Name         ; Value          ; Type                                         ;
+------------------------+----------------+----------------------------------------------+
; LPM_WIDTHN             ; 7              ; Untyped                                      ;
; LPM_WIDTHD             ; 4              ; Untyped                                      ;
; LPM_NREPRESENTATION    ; UNSIGNED       ; Untyped                                      ;
; LPM_DREPRESENTATION    ; UNSIGNED       ; Untyped                                      ;
; LPM_PIPELINE           ; 0              ; Untyped                                      ;
; LPM_REMAINDERPOSITIVE  ; TRUE           ; Untyped                                      ;
; MAXIMIZE_SPEED         ; 5              ; Untyped                                      ;
; CBXI_PARAMETER         ; lpm_divide_35m ; Untyped                                      ;
; CARRY_CHAIN            ; MANUAL         ; Untyped                                      ;
; OPTIMIZE_FOR_SPEED     ; 5              ; Untyped                                      ;
; AUTO_CARRY_CHAINS      ; ON             ; AUTO_CARRY                                   ;
; IGNORE_CARRY_BUFFERS   ; OFF            ; IGNORE_CARRY                                 ;
; AUTO_CASCADE_CHAINS    ; ON             ; AUTO_CASCADE                                 ;
; IGNORE_CASCADE_BUFFERS ; OFF            ; IGNORE_CASCADE                               ;
+------------------------+----------------+----------------------------------------------+
Note: In order to hide this table in the UI and the text report file, please set the "Show Parameter Settings Tables in Synthesis Report" option in "Analysis and Synthesis Settings -> More Settings" to "Off".


+----------------------------------------------------------------------------------------+
; Parameter Settings for Inferred Entity Instance: bcd_decode_display:b1|lpm_divide:Div0 ;
+------------------------+----------------+----------------------------------------------+
; Parameter Name         ; Value          ; Type                                         ;
+------------------------+----------------+----------------------------------------------+
; LPM_WIDTHN             ; 7              ; Untyped                                      ;
; LPM_WIDTHD             ; 4              ; Untyped                                      ;
; LPM_NREPRESENTATION    ; UNSIGNED       ; Untyped                                      ;
; LPM_DREPRESENTATION    ; UNSIGNED       ; Untyped                                      ;
; LPM_PIPELINE           ; 0              ; Untyped                                      ;
; LPM_REMAINDERPOSITIVE  ; TRUE           ; Untyped                                      ;
; MAXIMIZE_SPEED         ; 5              ; Untyped                                      ;
; CBXI_PARAMETER         ; lpm_divide_0dm ; Untyped                                      ;
; CARRY_CHAIN            ; MANUAL         ; Untyped                                      ;
; OPTIMIZE_FOR_SPEED     ; 5              ; Untyped                                      ;
; AUTO_CARRY_CHAINS      ; ON             ; AUTO_CARRY                                   ;
; IGNORE_CARRY_BUFFERS   ; OFF            ; IGNORE_CARRY                                 ;
; AUTO_CASCADE_CHAINS    ; ON             ; AUTO_CASCADE                                 ;
; IGNORE_CASCADE_BUFFERS ; OFF            ; IGNORE_CASCADE                               ;
+------------------------+----------------+----------------------------------------------+
Note: In order to hide this table in the UI and the text report file, please set the "Show Parameter Settings Tables in Synthesis Report" option in "Analysis and Synthesis Settings -> More Settings" to "Off".


+-------------------------------+
; Analysis & Synthesis Messages ;
+-------------------------------+
Info: *******************************************************************
Info: Running Quartus II Analysis & Synthesis
    Info: Version 7.1 Build 156 04/30/2007 SJ Full Version
    Info: Processing started: Mon Nov 11 16:27:09 2019
Info: Command: quartus_map --read_settings_files=on --write_settings_files=off Lab4 -c Lab4
Info: Found 3 design units, including 3 entities, in source file Lab4.v
    Info: Found entity 1: Lab4
    Info: Found entity 2: bcd_decode_display
    Info: Found entity 3: display_drv
Info: Elaborating entity "Lab4" for the top level hierarchy
Warning (10036): Verilog HDL or VHDL warning at Lab4.v(13): object "avg1" assigned a value but never read
Warning (10230): Verilog HDL assignment warning at Lab4.v(27): truncated value with size 32 to match size of target (10)
Info: Elaborating entity "bcd_decode_display" for hierarchy "bcd_decode_display:b1"
Warning (10036): Verilog HDL or VHDL warning at Lab4.v(37): object "n3" assigned a value but never read
Warning (10230): Verilog HDL assignment warning at Lab4.v(48): truncated value with size 32 to match size of target (4)
Warning (10230): Verilog HDL assignment warning at Lab4.v(49): truncated value with size 32 to match size of target (4)
Warning (10230): Verilog HDL assignment warning at Lab4.v(50): truncated value with size 32 to match size of target (4)
Info: Elaborating entity "display_drv" for hierarchy "bcd_decode_display:b1|display_drv:units"
Info: Duplicate registers merged to single register
    Info: Duplicate register "bcd_decode_display:b1|display_drv:tenths|d[6]" merged to single register "bcd_decode_display:b1|display_drv:hundredths|d[6]"
    Info: Duplicate register "bcd_decode_display:b1|display_drv:tenths|d[5]" merged to single register "bcd_decode_display:b1|display_drv:hundredths|d[5]"
    Info: Duplicate register "bcd_decode_display:b1|display_drv:tenths|d[4]" merged to single register "bcd_decode_display:b1|display_drv:hundredths|d[4]"
    Info: Duplicate register "bcd_decode_display:b1|display_drv:tenths|d[3]" merged to single register "bcd_decode_display:b1|display_drv:hundredths|d[3]"
    Info: Duplicate register "bcd_decode_display:b1|display_drv:tenths|d[2]" merged to single register "bcd_decode_display:b1|display_drv:hundredths|d[2]"
    Info: Duplicate register "bcd_decode_display:b1|display_drv:tenths|d[1]" merged to single register "bcd_decode_display:b1|display_drv:hundredths|d[1]"
    Info: Duplicate register "bcd_decode_display:b1|display_drv:tenths|d[0]" merged to single register "bcd_decode_display:b1|display_drv:hundredths|d[0]"
Info: Found 1 design units, including 1 entities, in source file c:/program files/altera/71/quartus/libraries/megafunctions/lpm_divide.tdf
    Info: Found entity 1: lpm_divide
Info: Elaborated megafunction instantiation "bcd_decode_display:b1|lpm_divide:Mod0"
Info: Found 1 design units, including 1 entities, in source file db/lpm_divide_g6m.tdf
    Info: Found entity 1: lpm_divide_g6m
Info: Found 1 design units, including 1 entities, in source file db/sign_div_unsign_nlh.tdf
    Info: Found entity 1: sign_div_unsign_nlh
Info: Found 1 design units, including 1 entities, in source file db/alt_u_div_g2f.tdf
    Info: Found entity 1: alt_u_div_g2f
Info: Found 1 design units, including 1 entities, in source file db/add_sub_lkc.tdf
    Info: Found entity 1: add_sub_lkc
Info: Found 1 design units, including 1 entities, in source file db/add_sub_mkc.tdf
    Info: Found entity 1: add_sub_mkc
Info: Elaborated megafunction instantiation "bcd_decode_display:b1|lpm_divide:Mod1"
Info: Found 1 design units, including 1 entities, in source file db/lpm_divide_35m.tdf
    Info: Found entity 1: lpm_divide_35m
Info: Found 1 design units, including 1 entities, in source file db/sign_div_unsign_akh.tdf
    Info: Found entity 1: sign_div_unsign_akh
Info: Found 1 design units, including 1 entities, in source file db/alt_u_div_mve.tdf
    Info: Found entity 1: alt_u_div_mve
Info: Elaborated megafunction instantiation "bcd_decode_display:b1|lpm_divide:Div0"
Info: Found 1 design units, including 1 entities, in source file db/lpm_divide_0dm.tdf
    Info: Found entity 1: lpm_divide_0dm
Info: Implemented 404 device resources after synthesis - the final resource count might be different
    Info: Implemented 15 input pins
    Info: Implemented 71 output pins
    Info: Implemented 318 logic cells
Info: Quartus II Analysis & Synthesis was successful. 0 errors, 6 warnings
    Info: Allocated 253 megabytes of memory during processing
    Info: Processing ended: Mon Nov 11 16:27:13 2019
    Info: Elapsed time: 00:00:04


