Analysis & Synthesis report for Lab6
Fri Dec 06 13:37:08 2019
Quartus II Version 7.1 Build 156 04/30/2007 SJ Full Version


---------------------
; Table of Contents ;
---------------------
  1. Legal Notice
  2. Analysis & Synthesis Summary
  3. Analysis & Synthesis Settings
  4. Analysis & Synthesis Source Files Read
  5. Analysis & Synthesis Resource Usage Summary
  6. Analysis & Synthesis Resource Utilization by Entity
  7. General Register Statistics
  8. Multiplexer Restructuring Statistics (Restructuring Performed)
  9. Analysis & Synthesis Messages
 10. Analysis & Synthesis Suppressed Messages



----------------
; Legal Notice ;
----------------
Copyright (C) 1991-2007 Altera Corporation
Your use of Altera Corporation's design tools, logic functions 
and other software and tools, and its AMPP partner logic 
functions, and any output files from any of the foregoing 
(including device programming or simulation files), and any 
associated documentation or information are expressly subject 
to the terms and conditions of the Altera Program License 
Subscription Agreement, Altera MegaCore Function License 
Agreement, or other applicable license agreement, including, 
without limitation, that your use is for the sole purpose of 
programming logic devices manufactured by Altera and sold by 
Altera or its authorized distributors.  Please refer to the 
applicable agreement for further details.



+-------------------------------------------------------------------------------+
; Analysis & Synthesis Summary                                                  ;
+------------------------------------+------------------------------------------+
; Analysis & Synthesis Status        ; Successful - Fri Dec 06 13:37:08 2019    ;
; Quartus II Version                 ; 7.1 Build 156 04/30/2007 SJ Full Version ;
; Revision Name                      ; Lab6                                     ;
; Top-level Entity Name              ; Lab6                                     ;
; Family                             ; Cyclone II                               ;
; Total logic elements               ; 96                                       ;
;     Total combinational functions  ; 59                                       ;
;     Dedicated logic registers      ; 96                                       ;
; Total registers                    ; 96                                       ;
; Total pins                         ; 67                                       ;
; Total virtual pins                 ; 0                                        ;
; Total memory bits                  ; 0                                        ;
; Embedded Multiplier 9-bit elements ; 0                                        ;
; Total PLLs                         ; 0                                        ;
+------------------------------------+------------------------------------------+


+--------------------------------------------------------------------------------------------------------------------------+
; Analysis & Synthesis Settings                                                                                            ;
+--------------------------------------------------------------------------------+--------------------+--------------------+
; Option                                                                         ; Setting            ; Default Value      ;
+--------------------------------------------------------------------------------+--------------------+--------------------+
; Device                                                                         ; EP2C20F484C7       ;                    ;
; Top-level entity name                                                          ; Lab6               ; Lab6               ;
; Family name                                                                    ; Cyclone II         ; Stratix II         ;
; Restructure Multiplexers                                                       ; Auto               ; Auto               ;
; Create Debugging Nodes for IP Cores                                            ; Off                ; Off                ;
; Preserve fewer node names                                                      ; On                 ; On                 ;
; Disable OpenCore Plus hardware evaluation                                      ; Off                ; Off                ;
; Verilog Version                                                                ; Verilog_2001       ; Verilog_2001       ;
; VHDL Version                                                                   ; VHDL93             ; VHDL93             ;
; State Machine Processing                                                       ; Auto               ; Auto               ;
; Safe State Machine                                                             ; Off                ; Off                ;
; Extract Verilog State Machines                                                 ; On                 ; On                 ;
; Extract VHDL State Machines                                                    ; On                 ; On                 ;
; Ignore Verilog initial constructs                                              ; Off                ; Off                ;
; Add Pass-Through Logic to Inferred RAMs                                        ; On                 ; On                 ;
; DSP Block Balancing                                                            ; Auto               ; Auto               ;
; NOT Gate Push-Back                                                             ; On                 ; On                 ;
; Power-Up Don't Care                                                            ; On                 ; On                 ;
; Remove Redundant Logic Cells                                                   ; Off                ; Off                ;
; Remove Duplicate Registers                                                     ; On                 ; On                 ;
; Ignore CARRY Buffers                                                           ; Off                ; Off                ;
; Ignore CASCADE Buffers                                                         ; Off                ; Off                ;
; Ignore GLOBAL Buffers                                                          ; Off                ; Off                ;
; Ignore ROW GLOBAL Buffers                                                      ; Off                ; Off                ;
; Ignore LCELL Buffers                                                           ; Off                ; Off                ;
; Ignore SOFT Buffers                                                            ; On                 ; On                 ;
; Limit AHDL Integers to 32 Bits                                                 ; Off                ; Off                ;
; Optimization Technique -- Cyclone II/Cyclone III                               ; Balanced           ; Balanced           ;
; Carry Chain Length -- Stratix/Stratix GX/Cyclone/MAX II/Cyclone II/Cyclone III ; 70                 ; 70                 ;
; Auto Carry Chains                                                              ; On                 ; On                 ;
; Auto Open-Drain Pins                                                           ; On                 ; On                 ;
; Perform WYSIWYG Primitive Resynthesis                                          ; Off                ; Off                ;
; Perform gate-level register retiming                                           ; Off                ; Off                ;
; Allow register retiming to trade off Tsu/Tco with Fmax                         ; On                 ; On                 ;
; Auto ROM Replacement                                                           ; On                 ; On                 ;
; Auto RAM Replacement                                                           ; On                 ; On                 ;
; Auto Shift Register Replacement                                                ; Auto               ; Auto               ;
; Auto Clock Enable Replacement                                                  ; On                 ; On                 ;
; Allow Synchronous Control Signals                                              ; On                 ; On                 ;
; Force Use of Synchronous Clear Signals                                         ; Off                ; Off                ;
; Auto RAM to Logic Cell Conversion                                              ; Off                ; Off                ;
; Auto Resource Sharing                                                          ; Off                ; Off                ;
; Allow Any RAM Size For Recognition                                             ; Off                ; Off                ;
; Allow Any ROM Size For Recognition                                             ; Off                ; Off                ;
; Allow Any Shift Register Size For Recognition                                  ; Off                ; Off                ;
; Ignore translate_off and synthesis_off directives                              ; Off                ; Off                ;
; Show Parameter Settings Tables in Synthesis Report                             ; On                 ; On                 ;
; Ignore Maximum Fan-Out Assignments                                             ; Off                ; Off                ;
; Retiming Meta-Stability Register Sequence Length                               ; 2                  ; 2                  ;
; PowerPlay Power Optimization                                                   ; Normal compilation ; Normal compilation ;
; HDL message level                                                              ; Level2             ; Level2             ;
; Suppress Register Optimization Related Messages                                ; Off                ; Off                ;
; Number of Removed Registers Reported in Synthesis Report                       ; 100                ; 100                ;
; Clock MUX Protection                                                           ; On                 ; On                 ;
; Use smart compilation                                                          ; Off                ; Off                ;
+--------------------------------------------------------------------------------+--------------------+--------------------+


+-----------------------------------------------------------------------------------------------------------------+
; Analysis & Synthesis Source Files Read                                                                          ;
+----------------------------------+-----------------+------------------------+-----------------------------------+
; File Name with User-Entered Path ; Used in Netlist ; File Type              ; File Name with Absolute Path      ;
+----------------------------------+-----------------+------------------------+-----------------------------------+
; Lab6.v                           ; yes             ; User Verilog HDL File  ; H:/Digital ProgrammingLab6/Lab6.v ;
+----------------------------------+-----------------+------------------------+-----------------------------------+


+-----------------------------------------------------+
; Analysis & Synthesis Resource Usage Summary         ;
+---------------------------------------------+-------+
; Resource                                    ; Usage ;
+---------------------------------------------+-------+
; Estimated Total logic elements              ; 96    ;
;                                             ;       ;
; Total combinational functions               ; 59    ;
; Logic element usage by number of LUT inputs ;       ;
;     -- 4 input functions                    ; 49    ;
;     -- 3 input functions                    ; 10    ;
;     -- <=2 input functions                  ; 0     ;
;                                             ;       ;
; Logic elements by mode                      ;       ;
;     -- normal mode                          ; 59    ;
;     -- arithmetic mode                      ; 0     ;
;                                             ;       ;
; Total registers                             ; 96    ;
;     -- Dedicated logic registers            ; 96    ;
;     -- I/O registers                        ; 0     ;
;                                             ;       ;
; I/O pins                                    ; 67    ;
; Maximum fan-out node                        ; clock ;
; Maximum fan-out                             ; 96    ;
; Total fan-out                               ; 538   ;
; Average fan-out                             ; 2.42  ;
+---------------------------------------------+-------+


+-----------------------------------------------------------------------------------------------------------------------------------------------------------------------------+
; Analysis & Synthesis Resource Utilization by Entity                                                                                                                         ;
+----------------------------+-------------------+--------------+-------------+--------------+---------+-----------+------+--------------+---------------------+--------------+
; Compilation Hierarchy Node ; LC Combinationals ; LC Registers ; Memory Bits ; DSP Elements ; DSP 9x9 ; DSP 18x18 ; Pins ; Virtual Pins ; Full Hierarchy Name ; Library Name ;
+----------------------------+-------------------+--------------+-------------+--------------+---------+-----------+------+--------------+---------------------+--------------+
; |Lab6                      ; 59 (8)            ; 96 (0)       ; 0           ; 0            ; 0       ; 0         ; 67   ; 0            ; |Lab6               ; work         ;
;    |Alu:Alu1|              ; 3 (3)             ; 16 (16)      ; 0           ; 0            ; 0       ; 0         ; 0    ; 0            ; |Lab6|Alu:Alu1      ; work         ;
;    |Mux:Mux1|              ; 8 (8)             ; 8 (8)        ; 0           ; 0            ; 0       ; 0         ; 0    ; 0            ; |Lab6|Mux:Mux1      ; work         ;
;    |Reg:Reg1|              ; 40 (40)           ; 72 (72)      ; 0           ; 0            ; 0       ; 0         ; 0    ; 0            ; |Lab6|Reg:Reg1      ; work         ;
+----------------------------+-------------------+--------------+-------------+--------------+---------+-----------+------+--------------+---------------------+--------------+
Note: For table entries with two numbers listed, the numbers in parentheses indicate the number of resources of the given type used by the specific entity alone. The numbers listed outside of parentheses indicate the total resources of the given type used by the specific entity and all of its sub-entities in the hierarchy.


+------------------------------------------------------+
; General Register Statistics                          ;
+----------------------------------------------+-------+
; Statistic                                    ; Value ;
+----------------------------------------------+-------+
; Total registers                              ; 96    ;
; Number of registers using Synchronous Clear  ; 0     ;
; Number of registers using Synchronous Load   ; 0     ;
; Number of registers using Asynchronous Clear ; 0     ;
; Number of registers using Asynchronous Load  ; 0     ;
; Number of registers using Clock Enable       ; 88    ;
; Number of registers using Preset             ; 0     ;
+----------------------------------------------+-------+


+------------------------------------------------------------------------------------------------------------------------------------------+
; Multiplexer Restructuring Statistics (Restructuring Performed)                                                                           ;
+--------------------+-----------+---------------+----------------------+------------------------+------------+----------------------------+
; Multiplexer Inputs ; Bus Width ; Baseline Area ; Area if Restructured ; Saving if Restructured ; Registered ; Example Multiplexer Output ;
+--------------------+-----------+---------------+----------------------+------------------------+------------+----------------------------+
; 8:1                ; 3 bits    ; 15 LEs        ; 12 LEs               ; 3 LEs                  ; Yes        ; |Lab6|Mux:Mux1|muxOut[0]   ;
+--------------------+-----------+---------------+----------------------+------------------------+------------+----------------------------+


+-------------------------------+
; Analysis & Synthesis Messages ;
+-------------------------------+
Info: *******************************************************************
Info: Running Quartus II Analysis & Synthesis
    Info: Version 7.1 Build 156 04/30/2007 SJ Full Version
    Info: Processing started: Fri Dec 06 13:37:05 2019
Info: Command: quartus_map --read_settings_files=on --write_settings_files=off Lab6 -c Lab6
Warning: Entity "Mux" obtained from "H:/Digital ProgrammingLab6/Lab6.v" instead of from Quartus II megafunction library
Info: Found 6 design units, including 6 entities, in source file Lab6.v
    Info: Found entity 1: Lab6
    Info: Found entity 2: Alu
    Info: Found entity 3: Reg
    Info: Found entity 4: Mux
    Info: Found entity 5: bcd
    Info: Found entity 6: display_drv
Critical Warning (10846): Verilog HDL Instantiation warning at Lab6.v(23): instance has no name
Info: Elaborating entity "Lab6" for the top level hierarchy
Warning (10034): Output port "disp_drv[13]" at Lab6.v(16) has no driver
Warning (10034): Output port "disp_drv[12]" at Lab6.v(16) has no driver
Warning (10034): Output port "disp_drv[11]" at Lab6.v(16) has no driver
Warning (10034): Output port "disp_drv[10]" at Lab6.v(16) has no driver
Warning (10034): Output port "disp_drv[9]" at Lab6.v(16) has no driver
Warning (10034): Output port "disp_drv[8]" at Lab6.v(16) has no driver
Warning (10034): Output port "disp_drv[7]" at Lab6.v(16) has no driver
Warning (10034): Output port "disp_drv[6]" at Lab6.v(16) has no driver
Warning (10034): Output port "disp_drv[5]" at Lab6.v(16) has no driver
Warning (10034): Output port "disp_drv[4]" at Lab6.v(16) has no driver
Warning (10034): Output port "disp_drv[3]" at Lab6.v(16) has no driver
Warning (10034): Output port "disp_drv[2]" at Lab6.v(16) has no driver
Warning (10034): Output port "disp_drv[1]" at Lab6.v(16) has no driver
Warning (10034): Output port "disp_drv[0]" at Lab6.v(16) has no driver
Info: Elaborating entity "Alu" for hierarchy "Alu:Alu1"
Info: Elaborating entity "Reg" for hierarchy "Reg:Reg1"
Info: Elaborating entity "Mux" for hierarchy "Mux:Mux1"
Info: Elaborating entity "bcd" for hierarchy "bcd:bcd1"
Warning (10230): Verilog HDL assignment warning at Lab6.v(123): truncated value with size 8 to match size of target (4)
Warning (10230): Verilog HDL assignment warning at Lab6.v(124): truncated value with size 8 to match size of target (4)
Info: Elaborating entity "display_drv" for hierarchy "bcd:bcd1|display_drv:dd1"
Warning: Port "ordered port 1" on the entity instantiation of "comb_4" is connected to a signal of width 1. The formal width of the signal in the module is 4.  Extra bits will be driven by GND.
Warning: Port "ordered port 2" on the entity instantiation of "comb_4" is connected to a signal of width 1. The formal width of the signal in the module is 7.  Extra bits will be left dangling without any fanout logic.
Warning: Port "ordered port 2" on the entity instantiation of "bcd1" is connected to a signal of width 1. The formal width of the signal in the module is 14.  Extra bits will be left dangling without any fanout logic.
Warning: The following nets are missing source, defaulting to GND
    Warning: Net "ALUout[7]~0"
    Warning: Net "ALUout[6]~1"
    Warning: Net "ALUout[5]~2"
    Warning: Net "ALUout[4]~3"
    Warning: Net "ALUout[3]~4"
    Warning: Net "ALUout[2]~5"
    Warning: Net "ALUout[1]~6"
    Warning: Net "ALUout[0]~7"
Warning: The following nets are missing source, defaulting to GND
    Warning: Net "ALUout[7]~0"
    Warning: Net "ALUout[6]~1"
    Warning: Net "ALUout[5]~2"
    Warning: Net "ALUout[4]~3"
    Warning: Net "ALUout[3]~4"
    Warning: Net "ALUout[2]~5"
    Warning: Net "ALUout[1]~6"
    Warning: Net "ALUout[0]~7"
Warning: Port "ordered port 7" on the entity instantiation of "Alu1" is connected to a signal of width 1. The formal width of the signal in the module is 8.  Extra bits will be left dangling without any fanout logic.
Warning: The following nets are missing source, defaulting to GND
    Warning: Net "ALUout[7]~0"
    Warning: Net "ALUout[6]~1"
    Warning: Net "ALUout[5]~2"
    Warning: Net "ALUout[4]~3"
    Warning: Net "ALUout[3]~4"
    Warning: Net "ALUout[2]~5"
    Warning: Net "ALUout[1]~6"
    Warning: Net "ALUout[0]~7"
Warning: Output pins are stuck at VCC or GND
    Warning: Pin "ALUout[0]" stuck at GND
    Warning: Pin "ALUout[1]" stuck at GND
    Warning: Pin "ALUout[2]" stuck at GND
    Warning: Pin "ALUout[3]" stuck at GND
    Warning: Pin "ALUout[4]" stuck at GND
    Warning: Pin "ALUout[5]" stuck at GND
    Warning: Pin "ALUout[6]" stuck at GND
    Warning: Pin "ALUout[7]" stuck at GND
    Warning: Pin "disp_drv[0]" stuck at GND
    Warning: Pin "disp_drv[1]" stuck at GND
    Warning: Pin "disp_drv[2]" stuck at GND
    Warning: Pin "disp_drv[3]" stuck at GND
    Warning: Pin "disp_drv[4]" stuck at GND
    Warning: Pin "disp_drv[5]" stuck at GND
    Warning: Pin "disp_drv[6]" stuck at GND
    Warning: Pin "disp_drv[7]" stuck at GND
    Warning: Pin "disp_drv[8]" stuck at GND
    Warning: Pin "disp_drv[9]" stuck at GND
    Warning: Pin "disp_drv[10]" stuck at GND
    Warning: Pin "disp_drv[11]" stuck at GND
    Warning: Pin "disp_drv[12]" stuck at GND
    Warning: Pin "disp_drv[13]" stuck at GND
Info: Generated suppressed messages file H:/Digital ProgrammingLab6/Lab6.map.smsg
Info: Implemented 206 device resources after synthesis - the final resource count might be different
    Info: Implemented 13 input pins
    Info: Implemented 54 output pins
    Info: Implemented 139 logic cells
Info: Quartus II Analysis & Synthesis was successful. 0 errors, 72 warnings
    Info: Allocated 256 megabytes of memory during processing
    Info: Processing ended: Fri Dec 06 13:37:08 2019
    Info: Elapsed time: 00:00:03


+------------------------------------------+
; Analysis & Synthesis Suppressed Messages ;
+------------------------------------------+
The suppressed messages can be found in H:/Digital ProgrammingLab6/Lab6.map.smsg.


